<?xml version="1.0" encoding="UTF-8"?>
<!-- Generated by org.testng.reporters.JUnitXMLReporter -->
<testsuite ignored="0" hostname="DESKTOP-PATT121" failures="0" tests="6" name="Test(failed)" time="3.575" errors="0" timestamp="2024-03-31T14:13:59 IST">
  <testcase classname="com.actitime.generic.BaseClass" name="@BeforeMethod login" time="0.001">
    <failure type="java.io.FileNotFoundException" message=".\data\commandata.property (The system cannot find the file specified)">
      <![CDATA[java.io.FileNotFoundException: .\data\commandata.property (The system cannot find the file specified)
at java.base/java.io.FileInputStream.open0(Native Method)
at java.base/java.io.FileInputStream.open(FileInputStream.java:216)
at java.base/java.io.FileInputStream.<init>(FileInputStream.java:157)
at java.base/java.io.FileInputStream.<init>(FileInputStream.java:111)
at com.actitime.generic.BaseClass.login(BaseClass.java:32)
at java.base/java.util.ArrayList.forEach(ArrayList.java:1511)
... Removed 31 stack frames]]>
    </failure>
  </testcase> <!-- @BeforeMethod login -->
  <testcase classname="com.actitime.generic.BaseClass" name="@AfterMethod logout" time="-1.711874638666E9">
    <skipped/>
  </testcase> <!-- @AfterMethod logout -->
  <testcase classname="com.actitime.generic.BaseClass" name="@BeforeMethod login" time="-1.711874638669E9">
    <skipped/>
  </testcase> <!-- @BeforeMethod login -->
  <testcase classname="com.actitime.generic.BaseClass" name="@AfterMethod logout" time="-1.711874638672E9">
    <skipped/>
  </testcase> <!-- @AfterMethod logout -->
  <testcase classname="com.actitime.generic.BaseClass" name="@BeforeMethod login" time="-1.711874638673E9">
    <skipped/>
  </testcase> <!-- @BeforeMethod login -->
  <testcase classname="com.actitime.generic.BaseClass" name="@AfterMethod logout" time="-1.711874638676E9">
    <skipped/>
  </testcase> <!-- @AfterMethod logout -->
  <testcase classname="com.actitime.generic.BaseClass" name="@AfterClass closeBrowser" time="-1.711874638677E9">
    <skipped/>
  </testcase> <!-- @AfterClass closeBrowser -->
  <testcase classname="com.actitime.generic.BaseClass" name="@BeforeMethod login" time="0.001">
    <failure type="java.io.FileNotFoundException" message=".\data\commandata.property (The system cannot find the file specified)">
      <![CDATA[java.io.FileNotFoundException: .\data\commandata.property (The system cannot find the file specified)
at java.base/java.io.FileInputStream.open0(Native Method)
at java.base/java.io.FileInputStream.open(FileInputStream.java:216)
at java.base/java.io.FileInputStream.<init>(FileInputStream.java:157)
at java.base/java.io.FileInputStream.<init>(FileInputStream.java:111)
at com.actitime.generic.BaseClass.login(BaseClass.java:32)
at java.base/java.util.ArrayList.forEach(ArrayList.java:1511)
... Removed 31 stack frames]]>
    </failure>
  </testcase> <!-- @BeforeMethod login -->
  <testcase classname="com.actitime.generic.BaseClass" name="@AfterMethod logout" time="-1.711874639921E9">
    <skipped/>
  </testcase> <!-- @AfterMethod logout -->
  <testcase classname="com.actitime.generic.BaseClass" name="@BeforeMethod login" time="-1.711874639923E9">
    <skipped/>
  </testcase> <!-- @BeforeMethod login -->
  <testcase classname="com.actitime.generic.BaseClass" name="@AfterMethod logout" time="-1.711874639928E9">
    <skipped/>
  </testcase> <!-- @AfterMethod logout -->
  <testcase classname="com.actitime.generic.BaseClass" name="@BeforeMethod login" time="-1.71187463993E9">
    <skipped/>
  </testcase> <!-- @BeforeMethod login -->
  <testcase classname="com.actitime.generic.BaseClass" name="@AfterMethod logout" time="-1.711874639938E9">
    <skipped/>
  </testcase> <!-- @AfterMethod logout -->
  <testcase classname="com.actitime.generic.BaseClass" name="@AfterClass closeBrowser" time="-1.711874639939E9">
    <skipped/>
  </testcase> <!-- @AfterClass closeBrowser -->
  <testcase classname="com.actitime.testscript.ProjectModule" name="deleteProject" time="0.0">
    <skipped/>
  </testcase> <!-- deleteProject -->
  <testcase classname="com.actitime.testscript.ProjectModule" name="createProject" time="0.0">
    <skipped/>
  </testcase> <!-- createProject -->
  <testcase classname="com.actitime.testscript.ProjectModule" name="modifyProject" time="0.0">
    <skipped/>
  </testcase> <!-- modifyProject -->
  <testcase classname="com.actitime.testscript.TaskModule" name="modifyTask" time="0.0">
    <skipped/>
  </testcase> <!-- modifyTask -->
  <testcase classname="com.actitime.testscript.TaskModule" name="createTask" time="0.0">
    <skipped/>
  </testcase> <!-- createTask -->
  <testcase classname="com.actitime.testscript.TaskModule" name="deleteTask" time="0.0">
    <skipped/>
  </testcase> <!-- deleteTask -->
</testsuite> <!-- Test(failed) -->
