<?xml version="1.0" encoding="UTF-8"?>
<!-- Generated by org.testng.reporters.JUnitXMLReporter -->
<testsuite ignored="0" hostname="DESKTOP-PATT121" failures="0" tests="3" name="Test" time="0.076" errors="0" timestamp="2024-03-31T16:28:19 IST">
  <testcase classname="com.actitime.testscript.CustomerModule" name="createCustomer" time="0.014"/>
  <testcase classname="com.actitime.testscript.CustomerModule" name="modifyCustomer" time="0.002"/>
  <testcase classname="com.actitime.testscript.CustomerModule" name="deleteCustomer" time="0.001"/>
</testsuite> <!-- Test -->
